# JRE version: OpenJDK Runtime Environment JBR-17.0.12+1-1087.25-nomod (17.0.12+1) (build 17.0.12+1-b1087.25)
# Java VM: OpenJDK 64-Bit Server VM JBR-17.0.12+1-1087.25-nomod (17.0.12+1-b1087.25, mixed mode, emulated-client, tiered, compressed oops, compressed class ptrs, g1 gc, windows-amd64)
GC Precious Log:
 CPUs: 8 total, 8 available
 Memory: 8036M
 Large Page Support: Disabled
 NUMA Support: Disabled
 Compressed Oops: Enabled (32-bit)
 Heap Region Size: 1M
 Heap Min Capacity: 8M
 Heap Initial Capacity: 126M
 Heap Max Capacity: 2010M
 Pre-touch: Disabled
 Parallel Workers: 8
 Concurrent Workers: 2
 Concurrent Refinement Workers: 8
 Periodic GC: Disabled
Heap:
 garbage-first heap   total 321536K, used 178372K [0x0000000082600000, 0x0000000100000000)
  region size 1024K, 132 young (135168K), 1 survivors (1024K)
 Metaspace       used 68223K, committed 68800K, reserved 1114112K
  class space    used 9593K, committed 9856K, reserved 1048576K
GC Heap History (20 events):
Event: 9.652 GC heap before
{Heap before GC invocations=17 (full 0):
 garbage-first heap   total 95232K, used 73816K [0x0000000082600000, 0x0000000100000000)
  region size 1024K, 35 young (35840K), 6 survivors (6144K)
 Metaspace       used 58652K, committed 59200K, reserved 1114112K
  class space    used 8063K, committed 8320K, reserved 1048576K
}
Event: 9.663 GC heap after
{Heap after GC invocations=18 (full 0):
 garbage-first heap   total 95232K, used 51982K [0x0000000082600000, 0x0000000100000000)
  region size 1024K, 5 young (5120K), 5 survivors (5120K)
 Metaspace       used 58652K, committed 59200K, reserved 1114112K
  class space    used 8063K, committed 8320K, reserved 1048576K
}
Event: 9.775 GC heap before
{Heap before GC invocations=18 (full 0):
 garbage-first heap   total 95232K, used 69390K [0x0000000082600000, 0x0000000100000000)
  region size 1024K, 23 young (23552K), 5 survivors (5120K)
 Metaspace       used 58739K, committed 59264K, reserved 1114112K
  class space    used 8076K, committed 8320K, reserved 1048576K
}
Event: 9.781 GC heap after
{Heap after GC invocations=19 (full 0):
 garbage-first heap   total 95232K, used 56679K [0x0000000082600000, 0x0000000100000000)
  region size 1024K, 3 young (3072K), 3 survivors (3072K)
 Metaspace       used 58739K, committed 59264K, reserved 1114112K
  class space    used 8076K, committed 8320K, reserved 1048576K
}
Event: 9.830 GC heap before
{Heap before GC invocations=19 (full 0):
 garbage-first heap   total 95232K, used 72039K [0x0000000082600000, 0x0000000100000000)
  region size 1024K, 19 young (19456K), 3 survivors (3072K)
 Metaspace       used 58739K, committed 59264K, reserved 1114112K
  class space    used 8076K, committed 8320K, reserved 1048576K
}
Event: 9.836 GC heap after
{Heap after GC invocations=20 (full 0):
 garbage-first heap   total 160768K, used 60733K [0x0000000082600000, 0x0000000100000000)
  region size 1024K, 3 young (3072K), 3 survivors (3072K)
 Metaspace       used 58739K, committed 59264K, reserved 1114112K
  class space    used 8076K, committed 8320K, reserved 1048576K
}
Event: 10.111 GC heap before
{Heap before GC invocations=21 (full 0):
 garbage-first heap   total 160768K, used 111933K [0x0000000082600000, 0x0000000100000000)
  region size 1024K, 51 young (52224K), 3 survivors (3072K)
 Metaspace       used 58969K, committed 59520K, reserved 1114112K
  class space    used 8144K, committed 8384K, reserved 1048576K
}
Event: 10.125 GC heap after
{Heap after GC invocations=22 (full 0):
 garbage-first heap   total 160768K, used 73813K [0x0000000082600000, 0x0000000100000000)
  region size 1024K, 7 young (7168K), 7 survivors (7168K)
 Metaspace       used 58969K, committed 59520K, reserved 1114112K
  class space    used 8144K, committed 8384K, reserved 1048576K
}
Event: 11.306 GC heap before
{Heap before GC invocations=22 (full 0):
 garbage-first heap   total 160768K, used 113749K [0x0000000082600000, 0x0000000100000000)
  region size 1024K, 46 young (47104K), 7 survivors (7168K)
 Metaspace       used 63448K, committed 64000K, reserved 1114112K
  class space    used 8862K, committed 9152K, reserved 1048576K
}
Event: 11.317 GC heap after
{Heap after GC invocations=23 (full 0):
 garbage-first heap   total 160768K, used 78806K [0x0000000082600000, 0x0000000100000000)
  region size 1024K, 5 young (5120K), 5 survivors (5120K)
 Metaspace       used 63448K, committed 64000K, reserved 1114112K
  class space    used 8862K, committed 9152K, reserved 1048576K
}
Event: 14.715 GC heap before
{Heap before GC invocations=23 (full 0):
 garbage-first heap   total 160768K, used 116694K [0x0000000082600000, 0x0000000100000000)
  region size 1024K, 43 young (44032K), 5 survivors (5120K)
 Metaspace       used 68207K, committed 68800K, reserved 1114112K
  class space    used 9587K, committed 9856K, reserved 1048576K
}
Event: 14.724 GC heap after
{Heap after GC invocations=24 (full 0):
 garbage-first heap   total 160768K, used 81521K [0x0000000082600000, 0x0000000100000000)
  region size 1024K, 3 young (3072K), 3 survivors (3072K)
 Metaspace       used 68207K, committed 68800K, reserved 1114112K
  class space    used 9587K, committed 9856K, reserved 1048576K
}
Event: 15.012 GC heap before
{Heap before GC invocations=25 (full 0):
 garbage-first heap   total 160768K, used 110193K [0x0000000082600000, 0x0000000100000000)
  region size 1024K, 42 young (43008K), 3 survivors (3072K)
 Metaspace       used 68220K, committed 68800K, reserved 1114112K
  class space    used 9591K, committed 9856K, reserved 1048576K
}
Event: 15.017 GC heap after
{Heap after GC invocations=26 (full 0):
 garbage-first heap   total 160768K, used 71392K [0x0000000082600000, 0x0000000100000000)
  region size 1024K, 3 young (3072K), 3 survivors (3072K)
 Metaspace       used 68220K, committed 68800K, reserved 1114112K
  class space    used 9591K, committed 9856K, reserved 1048576K
}
Event: 15.041 GC heap before
{Heap before GC invocations=26 (full 0):
 garbage-first heap   total 160768K, used 74464K [0x0000000082600000, 0x0000000100000000)
  region size 1024K, 7 young (7168K), 3 survivors (3072K)
 Metaspace       used 68220K, committed 68800K, reserved 1114112K
  class space    used 9591K, committed 9856K, reserved 1048576K
}
Event: 15.048 GC heap after
{Heap after GC invocations=27 (full 0):
 garbage-first heap   total 160768K, used 55197K [0x0000000082600000, 0x0000000100000000)
  region size 1024K, 1 young (1024K), 1 survivors (1024K)
 Metaspace       used 68220K, committed 68800K, reserved 1114112K
  class space    used 9591K, committed 9856K, reserved 1048576K
}
Event: 15.087 GC heap before
{Heap before GC invocations=27 (full 0):
 garbage-first heap   total 160768K, used 60317K [0x0000000082600000, 0x0000000100000000)
  region size 1024K, 7 young (7168K), 1 survivors (1024K)
 Metaspace       used 68220K, committed 68800K, reserved 1114112K
  class space    used 9591K, committed 9856K, reserved 1048576K
}
Event: 15.090 GC heap after
{Heap after GC invocations=28 (full 0):
 garbage-first heap   total 160768K, used 46210K [0x0000000082600000, 0x0000000100000000)
  region size 1024K, 1 young (1024K), 1 survivors (1024K)
 Metaspace       used 68220K, committed 68800K, reserved 1114112K
  class space    used 9591K, committed 9856K, reserved 1048576K
}
Event: 15.545 GC heap before
{Heap before GC invocations=28 (full 0):
 garbage-first heap   total 160768K, used 115842K [0x0000000082600000, 0x0000000100000000)
  region size 1024K, 70 young (71680K), 1 survivors (1024K)
 Metaspace       used 68222K, committed 68800K, reserved 1114112K
  class space    used 9592K, committed 9856K, reserved 1048576K
}
Event: 15.550 GC heap after
{Heap after GC invocations=29 (full 0):
 garbage-first heap   total 321536K, used 46276K [0x0000000082600000, 0x0000000100000000)
  region size 1024K, 1 young (1024K), 1 survivors (1024K)
 Metaspace       used 68222K, committed 68800K, reserved 1114112K
  class space    used 9592K, committed 9856K, reserved 1048576K
}

